[debug] [2017-08-14T13:30:53.078Z] ----------------------------------------------------------------------
[debug] [2017-08-14T13:30:53.086Z] Command:      C:\Program Files\nodejs\node.exe C:\Users\Enrique Capellan\AppData\Roaming\npm\node_modules\firebase-tools\bin\firebase serve
[debug] [2017-08-14T13:30:53.088Z] CLI Version:  3.9.1
[debug] [2017-08-14T13:30:53.088Z] Platform:     win32
[debug] [2017-08-14T13:30:53.088Z] Node Version: v6.11.0
[debug] [2017-08-14T13:30:53.090Z] Time:         Mon Aug 14 2017 09:30:53 GMT-0400 (SA Western Standard Time)
[debug] [2017-08-14T13:30:53.090Z] ----------------------------------------------------------------------
[debug] 
[debug] [2017-08-14T13:30:53.201Z] > command requires scopes: ["email","openid","https://www.googleapis.com/auth/cloudplatformprojects.readonly","https://www.googleapis.com/auth/firebase","https://www.googleapis.com/auth/cloud-platform"]
[debug] [2017-08-14T13:30:53.202Z] > authorizing via signed-in user
[debug] [2017-08-14T13:30:53.211Z] > refreshing access token with scopes: ["email","https://www.googleapis.com/auth/cloud-platform","https://www.googleapis.com/auth/cloudplatformprojects.readonly","https://www.googleapis.com/auth/firebase","openid"]
[debug] [2017-08-14T13:30:53.212Z] >>> HTTP REQUEST POST https://www.googleapis.com/oauth2/v3/token { refresh_token: '1/MHOkGXz_9pm37VBhx3SweSi2tqNm0vXDCnRnvbB5YiY',
  client_id: '563584335869-fgrhgmd47bqnekij5i8b5pr03ho849e6.apps.googleusercontent.com',
  client_secret: 'j9iVZfS8kkCEFUPaAeJV0sAi',
  grant_type: 'refresh_token',
  scope: 'email https://www.googleapis.com/auth/cloud-platform https://www.googleapis.com/auth/cloudplatformprojects.readonly https://www.googleapis.com/auth/firebase openid' } 
 Mon Aug 14 2017 09:30:53 GMT-0400 (SA Western Standard Time)
[debug] [2017-08-14T13:30:53.584Z] <<< HTTP RESPONSE 200
[debug] [2017-08-14T13:30:53.686Z] >>> HTTP REQUEST GET https://admin.firebase.com/v1/projects/data-med  
 Mon Aug 14 2017 09:30:53 GMT-0400 (SA Western Standard Time)
[debug] [2017-08-14T13:30:55.298Z] <<< HTTP RESPONSE 200
[debug] [2017-08-14T13:30:55.301Z] >>> HTTP REQUEST GET https://admin.firebase.com/v1/database/data-med/tokens  
 Mon Aug 14 2017 09:30:55 GMT-0400 (SA Western Standard Time)
[debug] [2017-08-14T13:30:55.783Z] <<< HTTP RESPONSE 200
[info] 
[info] === Serving from 'C:\Users\Enrique Capellan\Desktop\DATAMED'...
[info] 
[debug] [2017-08-14T13:30:55.795Z] >>> HTTP REQUEST GET https://cloudresourcemanager.googleapis.com/v1/projects/data-med  
 Mon Aug 14 2017 09:30:55 GMT-0400 (SA Western Standard Time)
[debug] [2017-08-14T13:30:56.178Z] <<< HTTP RESPONSE 200
[debug] [2017-08-14T13:30:56.180Z] >>> HTTP REQUEST GET https://mobilesdk-pa.googleapis.com/v1/projects/1008322234962/clients/_:getWebAppConfig  
 Mon Aug 14 2017 09:30:56 GMT-0400 (SA Western Standard Time)
[debug] [2017-08-14T13:30:56.789Z] <<< HTTP RESPONSE 200
[info] i  hosting: Serving hosting files from: public
[info] +  hosting: Local server: http://localhost:5000

